{"/home/runner/work/iana-timezones/iana-timezones/index.ts": {"path":"/home/runner/work/iana-timezones/iana-timezones/index.ts","all":false,"statementMap":{"0":{"start":{"line":1,"column":0},"end":{"line":1,"column":62}},"4":{"start":{"line":5,"column":0},"end":{"line":5,"column":31}},"6":{"start":{"line":7,"column":0},"end":{"line":7,"column":104}},"8":{"start":{"line":9,"column":0},"end":{"line":9,"column":69}},"9":{"start":{"line":10,"column":0},"end":{"line":10,"column":77}},"11":{"start":{"line":12,"column":0},"end":{"line":12,"column":65}},"12":{"start":{"line":13,"column":0},"end":{"line":13,"column":36}},"13":{"start":{"line":14,"column":0},"end":{"line":14,"column":27}},"15":{"start":{"line":16,"column":0},"end":{"line":16,"column":56}},"16":{"start":{"line":17,"column":0},"end":{"line":17,"column":26}},"18":{"start":{"line":19,"column":0},"end":{"line":19,"column":41}},"19":{"start":{"line":20,"column":0},"end":{"line":20,"column":66}},"20":{"start":{"line":21,"column":0},"end":{"line":21,"column":74}},"22":{"start":{"line":23,"column":0},"end":{"line":23,"column":55}},"23":{"start":{"line":24,"column":0},"end":{"line":24,"column":54}},"24":{"start":{"line":25,"column":0},"end":{"line":25,"column":27}},"25":{"start":{"line":26,"column":0},"end":{"line":26,"column":2}},"27":{"start":{"line":28,"column":0},"end":{"line":28,"column":16}},"28":{"start":{"line":29,"column":0},"end":{"line":29,"column":117}},"29":{"start":{"line":30,"column":0},"end":{"line":30,"column":109}},"47":{"start":{"line":48,"column":0},"end":{"line":48,"column":10}},"53":{"start":{"line":54,"column":0},"end":{"line":54,"column":13}},"62":{"start":{"line":63,"column":0},"end":{"line":63,"column":17}},"63":{"start":{"line":64,"column":0},"end":{"line":64,"column":2}}},"s":{"0":1,"4":1,"6":1,"8":1,"9":1,"11":1,"12":599,"13":599,"15":598,"16":599,"18":597,"19":597,"20":599,"22":599,"23":599,"24":599,"25":599,"27":1,"28":1,"29":1,"47":1,"53":1,"62":1,"63":1},"branchMap":{"0":{"type":"branch","line":9,"loc":{"start":{"line":9,"column":16},"end":{"line":9,"column":69}},"locations":[{"start":{"line":9,"column":16},"end":{"line":9,"column":69}}]},"1":{"type":"branch","line":9,"loc":{"start":{"line":9,"column":59},"end":{"line":9,"column":69}},"locations":[{"start":{"line":9,"column":59},"end":{"line":9,"column":69}}]},"2":{"type":"branch","line":10,"loc":{"start":{"line":10,"column":19},"end":{"line":10,"column":77}},"locations":[{"start":{"line":10,"column":19},"end":{"line":10,"column":77}}]},"3":{"type":"branch","line":10,"loc":{"start":{"line":10,"column":62},"end":{"line":10,"column":72}},"locations":[{"start":{"line":10,"column":62},"end":{"line":10,"column":72}}]},"4":{"type":"branch","line":10,"loc":{"start":{"line":10,"column":65},"end":{"line":10,"column":77}},"locations":[{"start":{"line":10,"column":65},"end":{"line":10,"column":77}}]},"5":{"type":"branch","line":12,"loc":{"start":{"line":12,"column":23},"end":{"line":26,"column":2}},"locations":[{"start":{"line":12,"column":23},"end":{"line":26,"column":2}}]},"6":{"type":"branch","line":14,"loc":{"start":{"line":14,"column":15},"end":{"line":14,"column":27}},"locations":[{"start":{"line":14,"column":15},"end":{"line":14,"column":27}}]},"7":{"type":"branch","line":14,"loc":{"start":{"line":14,"column":22},"end":{"line":17,"column":21}},"locations":[{"start":{"line":14,"column":22},"end":{"line":17,"column":21}}]},"8":{"type":"branch","line":17,"loc":{"start":{"line":17,"column":14},"end":{"line":17,"column":26}},"locations":[{"start":{"line":17,"column":14},"end":{"line":17,"column":26}}]},"9":{"type":"branch","line":17,"loc":{"start":{"line":17,"column":21},"end":{"line":21,"column":66}},"locations":[{"start":{"line":17,"column":21},"end":{"line":21,"column":66}}]},"10":{"type":"branch","line":21,"loc":{"start":{"line":21,"column":60},"end":{"line":21,"column":70}},"locations":[{"start":{"line":21,"column":60},"end":{"line":21,"column":70}}]},"11":{"type":"branch","line":21,"loc":{"start":{"line":21,"column":66},"end":{"line":21,"column":74}},"locations":[{"start":{"line":21,"column":66},"end":{"line":21,"column":74}}]}},"b":{"0":[855],"1":[1],"2":[1197],"3":[1195],"4":[2],"5":[599],"6":[1],"7":[598],"8":[1],"9":[597],"10":[359],"11":[238]},"fnMap":{"0":{"name":"getZone","decl":{"start":{"line":9,"column":16},"end":{"line":9,"column":69}},"loc":{"start":{"line":9,"column":16},"end":{"line":9,"column":69}},"line":9},"1":{"name":"getZoneUTC","decl":{"start":{"line":10,"column":19},"end":{"line":10,"column":77}},"loc":{"start":{"line":10,"column":19},"end":{"line":10,"column":77}},"line":10},"2":{"name":"getZoneISODate","decl":{"start":{"line":12,"column":23},"end":{"line":26,"column":2}},"loc":{"start":{"line":12,"column":23},"end":{"line":26,"column":2}},"line":12}},"f":{"0":855,"1":1197,"2":599}}
,"/home/runner/work/iana-timezones/iana-timezones/timezones.ts": {"path":"/home/runner/work/iana-timezones/iana-timezones/timezones.ts","all":false,"statementMap":{"2":{"start":{"line":3,"column":0},"end":{"line":3,"column":10917}},"4":{"start":{"line":5,"column":0},"end":{"line":5,"column":145198}},"5":{"start":{"line":6,"column":0},"end":{"line":6,"column":25}}},"s":{"2":1,"4":1,"5":1},"branchMap":{},"b":{},"fnMap":{},"f":{}}
}
